This is pdfTeX, Version 3.1415926-1.40.10 (TeX Live 2009/Debian) (format=pdflatex 2011.3.10)  10 MAY 2011 13:23
entering extended mode
 %&-line parsing enabled.
**bhoenes_final_project.tex
(./bhoenes_final_project.tex
LaTeX2e <2009/09/24>
Babel <v3.8l> and hyphenation patterns for english, usenglishmax, dumylang, noh
yphenation, croatian, bulgarian, ukrainian, russian, czech, slovak, danish, dut
ch, finnish, french, basque, ngerman, german, german-x-2009-06-19, ngerman-x-20
09-06-19, ibycus, monogreek, greek, ancientgreek, hungarian, italian, latin, mo
ngolian2a, mongolian, bokmal, nynorsk, romanian, irish, coptic, serbian, turkis
h, welsh, esperanto, uppersorbian, estonian, indonesian, interlingua, icelandic
, kurmanji, slovenian, polish, portuguese, spanish, galician, catalan, swedish,
 loaded.
(/usr/share/texmf-texlive/tex/latex/base/article.cls
Document Class: article 2007/10/19 v1.4h Standard LaTeX document class
(/usr/share/texmf-texlive/tex/latex/base/size10.clo
File: size10.clo 2007/10/19 v1.4h Standard LaTeX file (size option)
)
\c@part=\count79
\c@section=\count80
\c@subsection=\count81
\c@subsubsection=\count82
\c@paragraph=\count83
\c@subparagraph=\count84
\c@figure=\count85
\c@table=\count86
\abovecaptionskip=\skip41
\belowcaptionskip=\skip42
\bibindent=\dimen102
)
(/usr/share/texmf-texlive/tex/latex/amsfonts/amssymb.sty
Package: amssymb 2009/06/22 v3.00

(/usr/share/texmf-texlive/tex/latex/amsfonts/amsfonts.sty
Package: amsfonts 2009/06/22 v3.00 Basic AMSFonts support
\@emptytoks=\toks14
\symAMSa=\mathgroup4
\symAMSb=\mathgroup5
LaTeX Font Info:    Overwriting math alphabet `\mathfrak' in version `bold'
(Font)                  U/euf/m/n --> U/euf/b/n on input line 96.
))
(/usr/share/texmf-texlive/tex/latex/amsmath/amsmath.sty
Package: amsmath 2000/07/18 v2.13 AMS math features
\@mathmargin=\skip43

For additional information on amsmath, use the `?' option.
(/usr/share/texmf-texlive/tex/latex/amsmath/amstext.sty
Package: amstext 2000/06/29 v2.01

(/usr/share/texmf-texlive/tex/latex/amsmath/amsgen.sty
File: amsgen.sty 1999/11/30 v2.0
\@emptytoks=\toks15
\ex@=\dimen103
))
(/usr/share/texmf-texlive/tex/latex/amsmath/amsbsy.sty
Package: amsbsy 1999/11/29 v1.2d
\pmbraise@=\dimen104
)
(/usr/share/texmf-texlive/tex/latex/amsmath/amsopn.sty
Package: amsopn 1999/12/14 v2.01 operator names
)
\inf@bad=\count87
LaTeX Info: Redefining \frac on input line 211.
\uproot@=\count88
\leftroot@=\count89
LaTeX Info: Redefining \overline on input line 307.
\classnum@=\count90
\DOTSCASE@=\count91
LaTeX Info: Redefining \ldots on input line 379.
LaTeX Info: Redefining \dots on input line 382.
LaTeX Info: Redefining \cdots on input line 467.
\Mathstrutbox@=\box26
\strutbox@=\box27
\big@size=\dimen105
LaTeX Font Info:    Redeclaring font encoding OML on input line 567.
LaTeX Font Info:    Redeclaring font encoding OMS on input line 568.
\macc@depth=\count92
\c@MaxMatrixCols=\count93
\dotsspace@=\muskip10
\c@parentequation=\count94
\dspbrk@lvl=\count95
\tag@help=\toks16
\row@=\count96
\column@=\count97
\maxfields@=\count98
\andhelp@=\toks17
\eqnshift@=\dimen106
\alignsep@=\dimen107
\tagshift@=\dimen108
\tagwidth@=\dimen109
\totwidth@=\dimen110
\lineht@=\dimen111
\@envbody=\toks18
\multlinegap=\skip44
\multlinetaggap=\skip45
\mathdisplay@stack=\toks19
LaTeX Info: Redefining \[ on input line 2666.
LaTeX Info: Redefining \] on input line 2667.
) (./algorithm.sty
Package: algorithm 2009/08/24 v0.1 Document Style `algorithm' - floating enviro
nment

(/usr/share/texmf-texlive/tex/latex/float/float.sty
Package: float 2001/11/08 v1.3d Float enhancements (AL)
\c@float@type=\count99
\float@exts=\toks20
\float@box=\box28
\@float@everytoks=\toks21
\@floatcapt=\box29
)
(/usr/share/texmf-texlive/tex/latex/base/ifthen.sty
Package: ifthen 2001/05/26 v1.1c Standard LaTeX ifthen package (DPC)
)
\@float@every@algorithm=\toks22
\c@algorithm=\count100
) (./algorithmic.sty
Package: algorithmic 2009/08/24 v0.1 Document Style `algorithmic'

(/usr/share/texmf-texlive/tex/latex/graphics/keyval.sty
Package: keyval 1999/03/16 v1.13 key=value parser (DPC)
\KV@toks@=\toks23
)
\c@ALC@unique=\count101
\c@ALC@line=\count102
\c@ALC@rem=\count103
\c@ALC@depth=\count104
\ALC@tlm=\skip46
\algorithmicindent=\skip47
)

LaTeX Warning: Unused global option(s):
    [balance].

(./bhoenes_final_project.aux)
\openout1 = `bhoenes_final_project.aux'.

LaTeX Font Info:    Checking defaults for OML/cmm/m/it on input line 8.
LaTeX Font Info:    ... okay on input line 8.
LaTeX Font Info:    Checking defaults for T1/cmr/m/n on input line 8.
LaTeX Font Info:    ... okay on input line 8.
LaTeX Font Info:    Checking defaults for OT1/cmr/m/n on input line 8.
LaTeX Font Info:    ... okay on input line 8.
LaTeX Font Info:    Checking defaults for OMS/cmsy/m/n on input line 8.
LaTeX Font Info:    ... okay on input line 8.
LaTeX Font Info:    Checking defaults for OMX/cmex/m/n on input line 8.
LaTeX Font Info:    ... okay on input line 8.
LaTeX Font Info:    Checking defaults for U/cmr/m/n on input line 8.
LaTeX Font Info:    ... okay on input line 8.
LaTeX Font Info:    Try loading font information for U+msa on input line 19.

(/usr/share/texmf-texlive/tex/latex/amsfonts/umsa.fd
File: umsa.fd 2009/06/22 v3.00 AMS symbols A
)
LaTeX Font Info:    Try loading font information for U+msb on input line 19.

(/usr/share/texmf-texlive/tex/latex/amsfonts/umsb.fd
File: umsb.fd 2009/06/22 v3.00 AMS symbols B
)

LaTeX Warning: `!h' float specifier changed to `!ht'.

[1{/var/lib/texmf/fonts/map/pdftex/updmap/pdftex.map}


]
(./bhoenes_final_project.aux) ) 
Here is how much of TeX's memory you used:
 1433 strings out of 493911
 15943 string characters out of 1155221
 72979 words of memory out of 3000000
 4712 multiletter control sequences out of 15000+50000
 12547 words of font info for 48 fonts, out of 3000000 for 9000
 706 hyphenation exceptions out of 8191
 27i,7n,24p,278b,540s stack positions out of 5000i,500n,10000p,200000b,50000s
</usr/share/texmf-texlive/fonts/type1/public/ams
fonts/cm/cmbx10.pfb></usr/share/texmf-texlive/fonts/type1/public/amsfonts/cm/cm
bx12.pfb></usr/share/texmf-texlive/fonts/type1/public/amsfonts/cm/cmmi10.pfb></
usr/share/texmf-texlive/fonts/type1/public/amsfonts/cm/cmmi7.pfb></usr/share/te
xmf-texlive/fonts/type1/public/amsfonts/cm/cmr10.pfb></usr/share/texmf-texlive/
fonts/type1/public/amsfonts/cm/cmr12.pfb></usr/share/texmf-texlive/fonts/type1/
public/amsfonts/cm/cmr17.pfb></usr/share/texmf-texlive/fonts/type1/public/amsfo
nts/cm/cmr7.pfb></usr/share/texmf-texlive/fonts/type1/public/amsfonts/cm/cmsy10
.pfb></usr/share/texmf-texlive/fonts/type1/public/amsfonts/cm/cmsy7.pfb></usr/s
hare/texmf-texlive/fonts/type1/public/amsfonts/cm/cmti10.pfb></usr/share/texmf-
texlive/fonts/type1/public/amsfonts/cm/cmti7.pfb></usr/share/texmf-texlive/font
s/type1/public/amsfonts/symbols/msbm10.pfb>
Output written on bhoenes_final_project.pdf (1 page, 142758 bytes).
PDF statistics:
 58 PDF objects out of 1000 (max. 8388607)
 0 named destinations out of 1000 (max. 500000)
 1 words of extra memory for PDF output out of 10000 (max. 10000000)

